[debug] [2022-12-21T18:01:45.418Z] ----------------------------------------------------------------------
[debug] [2022-12-21T18:01:45.420Z] Command:       C:\Program Files\nodejs\node.exe C:\Users\88018\AppData\Roaming\npm\node_modules\firebase-tools\lib\bin\firebase.js init
[debug] [2022-12-21T18:01:45.420Z] CLI Version:   11.16.1
[debug] [2022-12-21T18:01:45.420Z] Platform:      win32
[debug] [2022-12-21T18:01:45.420Z] Node Version:  v18.12.0
[debug] [2022-12-21T18:01:45.421Z] Time:          Thu Dec 22 2022 00:01:45 GMT+0600 (Bangladesh Standard Time)
[debug] [2022-12-21T18:01:45.421Z] ----------------------------------------------------------------------
[debug] 
[debug] [2022-12-21T18:01:45.423Z] >>> [apiv2][query] GET https://firebase-public.firebaseio.com/cli.json [none]
[debug] [2022-12-21T18:01:45.509Z] > command requires scopes: ["email","openid","https://www.googleapis.com/auth/cloudplatformprojects.readonly","https://www.googleapis.com/auth/firebase","https://www.googleapis.com/auth/cloud-platform"]
[debug] [2022-12-21T18:01:45.510Z] > authorizing via signed-in user (nabil786.ak@gmail.com)
[info] 
     ######## #### ########  ######## ########     ###     ######  ########
     ##        ##  ##     ## ##       ##     ##  ##   ##  ##       ##
     ######    ##  ########  ######   ########  #########  ######  ######
     ##        ##  ##    ##  ##       ##     ## ##     ##       ## ##
     ##       #### ##     ## ######## ########  ##     ##  ######  ########

You're about to initialize a Firebase project in this directory:

  C:\Project\My_project\Digital_eye_Client

Before we get started, keep in mind:

  * You are currently outside your home directory
  * You are initializing within an existing Firebase project directory

[debug] [2022-12-21T18:01:46.146Z] <<< [apiv2][status] GET https://firebase-public.firebaseio.com/cli.json 200
[debug] [2022-12-21T18:01:46.147Z] <<< [apiv2][body] GET https://firebase-public.firebaseio.com/cli.json {"cloudBuildErrorAfter":1594252800000,"cloudBuildWarnAfter":1590019200000,"defaultNode10After":1594252800000,"minVersion":"3.0.5","node8DeploysDisabledAfter":1613390400000,"node8RuntimeDisabledAfter":1615809600000,"node8WarnAfter":1600128000000}
[info] 
=== Project Setup
[info] 
[info] First, let's associate this project directory with a Firebase project.
[info] You can create multiple project aliases by running firebase use --add, 
[info] but for now we'll just set up a default project.
[info] 
[debug] [2022-12-21T18:01:54.066Z] Using project from CLI flag: digital-eye-e88cf
[debug] [2022-12-21T18:01:54.066Z] > refreshing access token with scopes: []
[debug] [2022-12-21T18:01:54.067Z] >>> [apiv2][query] POST https://www.googleapis.com/oauth2/v3/token [none]
[debug] [2022-12-21T18:01:54.067Z] >>> [apiv2][body] POST https://www.googleapis.com/oauth2/v3/token [omitted]
[debug] [2022-12-21T18:01:54.269Z] <<< [apiv2][status] POST https://www.googleapis.com/oauth2/v3/token 400
[debug] [2022-12-21T18:01:54.269Z] <<< [apiv2][body] POST https://www.googleapis.com/oauth2/v3/token [omitted]
[debug] [2022-12-21T18:01:54.269Z] >>> [apiv2][query] GET https://firebase.googleapis.com/v1beta1/projects/digital-eye-e88cf [none]
[debug] [2022-12-21T18:01:54.572Z] <<< [apiv2][status] GET https://firebase.googleapis.com/v1beta1/projects/digital-eye-e88cf 401
[debug] [2022-12-21T18:01:54.572Z] <<< [apiv2][body] GET https://firebase.googleapis.com/v1beta1/projects/digital-eye-e88cf {"error":{"code":401,"message":"Request had invalid authentication credentials. Expected OAuth 2 access token, login cookie or other valid authentication credential. See https://developers.google.com/identity/sign-in/web/devconsole-project.","status":"UNAUTHENTICATED"}}
[debug] [2022-12-21T18:01:54.572Z] HTTP Error: 401, Request had invalid authentication credentials. Expected OAuth 2 access token, login cookie or other valid authentication credential. See https://developers.google.com/identity/sign-in/web/devconsole-project.
[debug] [2022-12-21T18:01:54.798Z] FirebaseError: HTTP Error: 401, Request had invalid authentication credentials. Expected OAuth 2 access token, login cookie or other valid authentication credential. See https://developers.google.com/identity/sign-in/web/devconsole-project.
    at responseToError (C:\Users\88018\AppData\Roaming\npm\node_modules\firebase-tools\lib\responseToError.js:49:12)
    at RetryOperation._fn (C:\Users\88018\AppData\Roaming\npm\node_modules\firebase-tools\lib\apiv2.js:288:77)
    at process.processTicksAndRejections (node:internal/process/task_queues:95:5)
[error] 
[error] Error: Failed to get Firebase project digital-eye-e88cf. Please make sure the project exists and your account has permission to access it.
[debug] [2022-12-21T18:03:09.249Z] ----------------------------------------------------------------------
[debug] [2022-12-21T18:03:09.251Z] Command:       C:\Program Files\nodejs\node.exe C:\Users\88018\AppData\Roaming\npm\node_modules\firebase-tools\lib\bin\firebase.js init
[debug] [2022-12-21T18:03:09.251Z] CLI Version:   11.19.0
[debug] [2022-12-21T18:03:09.251Z] Platform:      win32
[debug] [2022-12-21T18:03:09.252Z] Node Version:  v18.12.0
[debug] [2022-12-21T18:03:09.252Z] Time:          Thu Dec 22 2022 00:03:09 GMT+0600 (Bangladesh Standard Time)
[debug] [2022-12-21T18:03:09.252Z] ----------------------------------------------------------------------
[debug] 
[debug] [2022-12-21T18:03:09.308Z] > command requires scopes: ["email","openid","https://www.googleapis.com/auth/cloudplatformprojects.readonly","https://www.googleapis.com/auth/firebase","https://www.googleapis.com/auth/cloud-platform"]
[debug] [2022-12-21T18:03:09.308Z] > authorizing via signed-in user (nabil786.ak@gmail.com)
[info] 
     ######## #### ########  ######## ########     ###     ######  ########
     ##        ##  ##     ## ##       ##     ##  ##   ##  ##       ##
     ######    ##  ########  ######   ########  #########  ######  ######
     ##        ##  ##    ##  ##       ##     ## ##     ##       ## ##
     ##       #### ##     ## ######## ########  ##     ##  ######  ########

You're about to initialize a Firebase project in this directory:

  C:\Project\My_project\Digital_eye_Client

Before we get started, keep in mind:

  * You are currently outside your home directory
  * You are initializing within an existing Firebase project directory

[info] 
=== Project Setup
[info] 
[info] First, let's associate this project directory with a Firebase project.
[info] You can create multiple project aliases by running firebase use --add, 
[info] but for now we'll just set up a default project.
[info] 
[debug] [2022-12-21T18:03:14.545Z] Using project from CLI flag: digital-eye-e88cf
[debug] [2022-12-21T18:03:14.546Z] > refreshing access token with scopes: []
[debug] [2022-12-21T18:03:14.547Z] >>> [apiv2][query] POST https://www.googleapis.com/oauth2/v3/token [none]
[debug] [2022-12-21T18:03:14.547Z] >>> [apiv2][body] POST https://www.googleapis.com/oauth2/v3/token [omitted]
[debug] [2022-12-21T18:03:14.742Z] <<< [apiv2][status] POST https://www.googleapis.com/oauth2/v3/token 400
[debug] [2022-12-21T18:03:14.742Z] <<< [apiv2][body] POST https://www.googleapis.com/oauth2/v3/token [omitted]
[debug] [2022-12-21T18:03:14.742Z] >>> [apiv2][query] GET https://firebase.googleapis.com/v1beta1/projects/digital-eye-e88cf [none]
[debug] [2022-12-21T18:03:15.016Z] <<< [apiv2][status] GET https://firebase.googleapis.com/v1beta1/projects/digital-eye-e88cf 401
[debug] [2022-12-21T18:03:15.016Z] <<< [apiv2][body] GET https://firebase.googleapis.com/v1beta1/projects/digital-eye-e88cf {"error":{"code":401,"message":"Request had invalid authentication credentials. Expected OAuth 2 access token, login cookie or other valid authentication credential. See https://developers.google.com/identity/sign-in/web/devconsole-project.","status":"UNAUTHENTICATED"}}
[debug] [2022-12-21T18:03:15.016Z] HTTP Error: 401, Request had invalid authentication credentials. Expected OAuth 2 access token, login cookie or other valid authentication credential. See https://developers.google.com/identity/sign-in/web/devconsole-project.
[debug] [2022-12-21T18:03:15.219Z] FirebaseError: HTTP Error: 401, Request had invalid authentication credentials. Expected OAuth 2 access token, login cookie or other valid authentication credential. See https://developers.google.com/identity/sign-in/web/devconsole-project.
    at responseToError (C:\Users\88018\AppData\Roaming\npm\node_modules\firebase-tools\lib\responseToError.js:49:12)
    at RetryOperation._fn (C:\Users\88018\AppData\Roaming\npm\node_modules\firebase-tools\lib\apiv2.js:288:77)
    at process.processTicksAndRejections (node:internal/process/task_queues:95:5)
[error] 
[error] Error: Failed to get Firebase project digital-eye-e88cf. Please make sure the project exists and your account has permission to access it.
